{"name": "При создании нового заказа счетчик Выполнено за все время/сегодня увеличивается", "status": "broken", "statusDetails": {"message": "selenium.common.exceptions.ElementClickInterceptedException: Message: element click intercepted: Element <button type=\"button\" class=\"Modal_modal__close_modified__3V5XS Modal_modal__close__TnseK\">...</button> is not clickable at point (984, 39). Other element would receive the click: <div class=\"Modal_modal_overlay__x2ZCr\"></div>\n  (Session info: chrome=127.0.6533.122)\nStacktrace:\n\tGetHandleVerifier [0x00007FF7513B9642+30946]\n\t(No symbol) [0x00007FF75136E3D9]\n\t(No symbol) [0x00007FF751266FDA]\n\t(No symbol) [0x00007FF7512BFEEE]\n\t(No symbol) [0x00007FF7512BD962]\n\t(No symbol) [0x00007FF7512BAE7B]\n\t(No symbol) [0x00007FF7512BA095]\n\t(No symbol) [0x00007FF7512AC271]\n\t(No symbol) [0x00007FF7512DCA6A]\n\t(No symbol) [0x00007FF7512ABBB6]\n\t(No symbol) [0x00007FF7512DCC80]\n\t(No symbol) [0x00007FF7512FB041]\n\t(No symbol) [0x00007FF7512DC813]\n\t(No symbol) [0x00007FF7512AA6E5]\n\t(No symbol) [0x00007FF7512AB021]\n\tGetHandleVerifier [0x00007FF7514EF84D+1301229]\n\tGetHandleVerifier [0x00007FF7514FBDC7+1351783]\n\tGetHandleVerifier [0x00007FF7514F2A13+1313971]\n\tGetHandleVerifier [0x00007FF7513EDD16+245686]\n\t(No symbol) [0x00007FF75137759F]\n\t(No symbol) [0x00007FF751373814]\n\t(No symbol) [0x00007FF7513739A2]\n\t(No symbol) [0x00007FF75136A3FF]\n\tBaseThreadInitThunk [0x00007FFD8B9A7374+20]\n\tRtlUserThreadStart [0x00007FFD8CC5CC91+33]", "trace": "self = <test_order_feed.TestOrderPage object at 0x000001D209BAD130>\ndriver = <selenium.webdriver.chrome.webdriver.WebDriver (session=\"53b178118dc92137d85ad734f2e737aa\")>\n\n    @allure.title('При создании нового заказа счетчик Выполнено за все время/сегодня увеличивается')\n    def test_count_orders(self, driver):\n        main_page = MainPage(driver)\n        main_page.open_main_page()\n        main_page.wait_and_click_account_button()\n        login_page = LoginPage(driver)\n        login_page.login_account(Data.data)\n        main_page.click_order_list_button()\n        order_page = OrderPage(driver)\n        all_orders = order_page.get_count_all_orders()\n        today_orders = order_page.get_count_today_orders()\n        main_page.click_constructor_button()\n        main_page.ingredient_drag_and_drop()\n        main_page.click_order_button()\n>       main_page.click_modal_close()\n\ntests\\test_order_feed.py:50: \n_ _ _ _ _ _ _ _ _ _ _ _ _ _ _ _ _ _ _ _ _ _ _ _ _ _ _ _ _ _ _ _ _ _ _ _ _ _ _ _ _ _ _ _ _ _ _ _ _ _ _ _ _ _ _ _ _ _ _ _ _ _ _ _ _ _ _ _ _ _ _ _ _ _ _ _ _ _ _ \npages\\main_page.py:59: in click_modal_close\n    self.click_element(self._INGREDIENT_MODAL_CLOSE)\npages\\base_page.py:18: in click_element\n    self.driver.find_element(*locator).click()\n..\\..\\..\\..\\..\\AppData\\Local\\Programs\\Python\\Python312\\Lib\\site-packages\\selenium\\webdriver\\remote\\webelement.py:94: in click\n    self._execute(Command.CLICK_ELEMENT)\n..\\..\\..\\..\\..\\AppData\\Local\\Programs\\Python\\Python312\\Lib\\site-packages\\selenium\\webdriver\\remote\\webelement.py:395: in _execute\n    return self._parent.execute(command, params)\n..\\..\\..\\..\\..\\AppData\\Local\\Programs\\Python\\Python312\\Lib\\site-packages\\selenium\\webdriver\\remote\\webdriver.py:347: in execute\n    self.error_handler.check_response(response)\n_ _ _ _ _ _ _ _ _ _ _ _ _ _ _ _ _ _ _ _ _ _ _ _ _ _ _ _ _ _ _ _ _ _ _ _ _ _ _ _ _ _ _ _ _ _ _ _ _ _ _ _ _ _ _ _ _ _ _ _ _ _ _ _ _ _ _ _ _ _ _ _ _ _ _ _ _ _ _ \n\nself = <selenium.webdriver.remote.errorhandler.ErrorHandler object at 0x000001D209B5AF30>\nresponse = {'status': 400, 'value': '{\"value\":{\"error\":\"element click intercepted\",\"message\":\"element click intercepted: Element ...07FF75136A3FF]\\\\n\\\\tBaseThreadInitThunk [0x00007FFD8B9A7374+20]\\\\n\\\\tRtlUserThreadStart [0x00007FFD8CC5CC91+33]\\\\n\"}}'}\n\n    def check_response(self, response: Dict[str, Any]) -> None:\n        \"\"\"Checks that a JSON response from the WebDriver does not have an\n        error.\n    \n        :Args:\n         - response - The JSON response from the WebDriver server as a dictionary\n           object.\n    \n        :Raises: If the response contains an error message.\n        \"\"\"\n        status = response.get(\"status\", None)\n        if not status or status == ErrorCode.SUCCESS:\n            return\n        value = None\n        message = response.get(\"message\", \"\")\n        screen: str = response.get(\"screen\", \"\")\n        stacktrace = None\n        if isinstance(status, int):\n            value_json = response.get(\"value\", None)\n            if value_json and isinstance(value_json, str):\n                import json\n    \n                try:\n                    value = json.loads(value_json)\n                    if len(value) == 1:\n                        value = value[\"value\"]\n                    status = value.get(\"error\", None)\n                    if not status:\n                        status = value.get(\"status\", ErrorCode.UNKNOWN_ERROR)\n                        message = value.get(\"value\") or value.get(\"message\")\n                        if not isinstance(message, str):\n                            value = message\n                            message = message.get(\"message\")\n                    else:\n                        message = value.get(\"message\", None)\n                except ValueError:\n                    pass\n    \n        exception_class: Type[WebDriverException]\n        e = ErrorCode()\n        error_codes = [item for item in dir(e) if not item.startswith(\"__\")]\n        for error_code in error_codes:\n            error_info = getattr(ErrorCode, error_code)\n            if isinstance(error_info, list) and status in error_info:\n                exception_class = getattr(ExceptionMapping, error_code, WebDriverException)\n                break\n        else:\n            exception_class = WebDriverException\n    \n        if not value:\n            value = response[\"value\"]\n        if isinstance(value, str):\n            raise exception_class(value)\n        if message == \"\" and \"message\" in value:\n            message = value[\"message\"]\n    \n        screen = None  # type: ignore[assignment]\n        if \"screen\" in value:\n            screen = value[\"screen\"]\n    \n        stacktrace = None\n        st_value = value.get(\"stackTrace\") or value.get(\"stacktrace\")\n        if st_value:\n            if isinstance(st_value, str):\n                stacktrace = st_value.split(\"\\n\")\n            else:\n                stacktrace = []\n                try:\n                    for frame in st_value:\n                        line = frame.get(\"lineNumber\", \"\")\n                        file = frame.get(\"fileName\", \"<anonymous>\")\n                        if line:\n                            file = f\"{file}:{line}\"\n                        meth = frame.get(\"methodName\", \"<anonymous>\")\n                        if \"className\" in frame:\n                            meth = f\"{frame['className']}.{meth}\"\n                        msg = \"    at %s (%s)\"\n                        msg = msg % (meth, file)\n                        stacktrace.append(msg)\n                except TypeError:\n                    pass\n        if exception_class == UnexpectedAlertPresentException:\n            alert_text = None\n            if \"data\" in value:\n                alert_text = value[\"data\"].get(\"text\")\n            elif \"alert\" in value:\n                alert_text = value[\"alert\"].get(\"text\")\n            raise exception_class(message, screen, stacktrace, alert_text)  # type: ignore[call-arg]  # mypy is not smart enough here\n>       raise exception_class(message, screen, stacktrace)\nE       selenium.common.exceptions.ElementClickInterceptedException: Message: element click intercepted: Element <button type=\"button\" class=\"Modal_modal__close_modified__3V5XS Modal_modal__close__TnseK\">...</button> is not clickable at point (984, 39). Other element would receive the click: <div class=\"Modal_modal_overlay__x2ZCr\"></div>\nE         (Session info: chrome=127.0.6533.122)\nE       Stacktrace:\nE       \tGetHandleVerifier [0x00007FF7513B9642+30946]\nE       \t(No symbol) [0x00007FF75136E3D9]\nE       \t(No symbol) [0x00007FF751266FDA]\nE       \t(No symbol) [0x00007FF7512BFEEE]\nE       \t(No symbol) [0x00007FF7512BD962]\nE       \t(No symbol) [0x00007FF7512BAE7B]\nE       \t(No symbol) [0x00007FF7512BA095]\nE       \t(No symbol) [0x00007FF7512AC271]\nE       \t(No symbol) [0x00007FF7512DCA6A]\nE       \t(No symbol) [0x00007FF7512ABBB6]\nE       \t(No symbol) [0x00007FF7512DCC80]\nE       \t(No symbol) [0x00007FF7512FB041]\nE       \t(No symbol) [0x00007FF7512DC813]\nE       \t(No symbol) [0x00007FF7512AA6E5]\nE       \t(No symbol) [0x00007FF7512AB021]\nE       \tGetHandleVerifier [0x00007FF7514EF84D+1301229]\nE       \tGetHandleVerifier [0x00007FF7514FBDC7+1351783]\nE       \tGetHandleVerifier [0x00007FF7514F2A13+1313971]\nE       \tGetHandleVerifier [0x00007FF7513EDD16+245686]\nE       \t(No symbol) [0x00007FF75137759F]\nE       \t(No symbol) [0x00007FF751373814]\nE       \t(No symbol) [0x00007FF7513739A2]\nE       \t(No symbol) [0x00007FF75136A3FF]\nE       \tBaseThreadInitThunk [0x00007FFD8B9A7374+20]\nE       \tRtlUserThreadStart [0x00007FFD8CC5CC91+33]\n\n..\\..\\..\\..\\..\\AppData\\Local\\Programs\\Python\\Python312\\Lib\\site-packages\\selenium\\webdriver\\remote\\errorhandler.py:229: ElementClickInterceptedException"}, "steps": [{"name": "Открыть главную страницу Stellar Burgers", "status": "passed", "steps": [{"name": "Перейти на страницу", "status": "passed", "parameters": [{"name": "url", "value": "'https://stellarburgers.nomoreparties.site/'"}], "start": 1724618038971, "stop": 1724618045537}], "start": 1724618038971, "stop": 1724618045537}, {"name": "Дождаться и нажать на кнопку Личный кабинет", "status": "passed", "steps": [{"name": "Нажать на элемент", "status": "passed", "parameters": [{"name": "locator", "value": "['xpath', './/*[@href = \"/account\"]']"}], "start": 1724618045574, "stop": 1724618045677}], "start": 1724618045537, "stop": 1724618045677}, {"name": "Авторизация", "status": "passed", "steps": [{"name": "Ввести почту", "status": "passed", "parameters": [{"name": "email", "value": "'Ivan_Ivanov245@gmail.com'"}], "start": 1724618045678, "stop": 1724618045985}, {"name": "Ввести пароль", "status": "passed", "parameters": [{"name": "password", "value": "'12345678'"}], "start": 1724618045985, "stop": 1724618046092}, {"name": "Клик на кнопку Войти", "status": "passed", "steps": [{"name": "Дождатся видимости элемента", "status": "passed", "parameters": [{"name": "locator", "value": "['xpath', './/button[text() = \"Войти\"]']"}], "start": 1724618046092, "stop": 1724618046118}, {"name": "Нажать на элемент", "status": "passed", "parameters": [{"name": "locator", "value": "['xpath', './/button[text() = \"Войти\"]']"}], "start": 1724618046118, "stop": 1724618046170}], "start": 1724618046092, "stop": 1724618046170}], "parameters": [{"name": "user", "value": "{'name': 'Ivan', 'email': 'Ivan_Ivanov245@gmail.com', 'password': '12345678'}"}], "start": 1724618045677, "stop": 1724618046170}, {"name": "Клик на кнопку Лента заказов", "status": "passed", "steps": [{"name": "Дождатся видимости элемента", "status": "passed", "parameters": [{"name": "locator", "value": "['xpath', './/p[text() = \"Лента Заказов\"]']"}], "start": 1724618046171, "stop": 1724618046193}, {"name": "Нажать на элемент", "status": "passed", "parameters": [{"name": "locator", "value": "['xpath', './/p[text() = \"Лента Заказов\"]']"}], "start": 1724618046193, "stop": 1724618046691}], "start": 1724618046171, "stop": 1724618046692}, {"name": "Количество заказов за все время", "status": "passed", "steps": [{"name": "Дождатся видимости элемента", "status": "passed", "parameters": [{"name": "locator", "value": "['xpath', './/p[text()=\"Выполнено за все время:\"]/following-sibling::p[contains(@class, \"digits-large\")]']"}], "start": 1724618046692, "stop": 1724618047738}], "start": 1724618046692, "stop": 1724618047761}, {"name": "Количество заказов за сегодня", "status": "passed", "steps": [{"name": "Дождатся видимости элемента", "status": "passed", "parameters": [{"name": "locator", "value": "['xpath', './/p[text()=\"Выполнено за сегодня:\"]/following-sibling::p[contains(@class, \"digits-large\")]']"}], "start": 1724618047762, "stop": 1724618047780}], "start": 1724618047761, "stop": 1724618047796}, {"name": "Клик на кнопку Конструктор", "status": "passed", "steps": [{"name": "Нажать на элемент", "status": "passed", "parameters": [{"name": "locator", "value": "['xpath', './/p[text() = \"Конструктор\"]']"}], "start": 1724618047796, "stop": 1724618047877}], "start": 1724618047796, "stop": 1724618047877}, {"name": "Перетащить ингредиент в корзину", "status": "passed", "steps": [{"name": "Дождатся видимости элемента", "status": "passed", "parameters": [{"name": "locator", "value": "['xpath', './/p[text() = \"Флюоресцентная булка R2-D3\"]']"}], "start": 1724618047877, "stop": 1724618047908}, {"name": "Перетащить заказ", "status": "passed", "parameters": [{"name": "element", "value": "['xpath', './/p[text() = \"Флюоресцентная булка R2-D3\"]']"}, {"name": "endpoint", "value": "['xpath', '//section[contains(@class, \"BurgerConstructor_basket\")]']"}], "start": 1724618047909, "stop": 1724618048504}], "start": 1724618047877, "stop": 1724618048504}, {"name": "Клик на кнопку Оформить заказ", "status": "passed", "steps": [{"name": "Дождатся видимости элемента", "status": "passed", "parameters": [{"name": "locator", "value": "['xpath', './/button[text() = \"Оформить заказ\"]']"}], "start": 1724618048504, "stop": 1724618048531}, {"name": "Нажать на элемент", "status": "passed", "parameters": [{"name": "locator", "value": "['xpath', './/button[text() = \"Оформить заказ\"]']"}], "start": 1724618048531, "stop": 1724618048586}], "start": 1724618048504, "stop": 1724618048586}, {"name": "Закрыть модальное окно", "status": "broken", "statusDetails": {"message": "selenium.common.exceptions.ElementClickInterceptedException: Message: element click intercepted: Element <button type=\"button\" class=\"Modal_modal__close_modified__3V5XS Modal_modal__close__TnseK\">...</button> is not clickable at point (984, 39). Other element would receive the click: <div class=\"Modal_modal_overlay__x2ZCr\"></div>\n  (Session info: chrome=127.0.6533.122)\nStacktrace:\n\tGetHandleVerifier [0x00007FF7513B9642+30946]\n\t(No symbol) [0x00007FF75136E3D9]\n\t(No symbol) [0x00007FF751266FDA]\n\t(No symbol) [0x00007FF7512BFEEE]\n\t(No symbol) [0x00007FF7512BD962]\n\t(No symbol) [0x00007FF7512BAE7B]\n\t(No symbol) [0x00007FF7512BA095]\n\t(No symbol) [0x00007FF7512AC271]\n\t(No symbol) [0x00007FF7512DCA6A]\n\t(No symbol) [0x00007FF7512ABBB6]\n\t(No symbol) [0x00007FF7512DCC80]\n\t(No symbol) [0x00007FF7512FB041]\n\t(No symbol) [0x00007FF7512DC813]\n\t(No symbol) [0x00007FF7512AA6E5]\n\t(No symbol) [0x00007FF7512AB021]\n\tGetHandleVerifier [0x00007FF7514EF84D+1301229]\n\tGetHandleVerifier [0x00007FF7514FBDC7+1351783]\n\tGetHandleVerifier [0x00007FF7514F2A13+1313971]\n\tGetHandleVerifier [0x00007FF7513EDD16+245686]\n\t(No symbol) [0x00007FF75137759F]\n\t(No symbol) [0x00007FF751373814]\n\t(No symbol) [0x00007FF7513739A2]\n\t(No symbol) [0x00007FF75136A3FF]\n\tBaseThreadInitThunk [0x00007FFD8B9A7374+20]\n\tRtlUserThreadStart [0x00007FFD8CC5CC91+33]\n\n", "trace": "  File \"C:\\Users\\Галина\\AppData\\Local\\Programs\\Python\\Python312\\Lib\\site-packages\\allure_commons\\_allure.py\", line 192, in impl\n    return func(*a, **kw)\n           ^^^^^^^^^^^^^^\n  File \"C:\\Users\\Галина\\Documents\\Yandex_praktikum\\Diplom\\Diplom_3\\Diplom_3\\pages\\main_page.py\", line 59, in click_modal_close\n    self.click_element(self._INGREDIENT_MODAL_CLOSE)\n  File \"C:\\Users\\Галина\\AppData\\Local\\Programs\\Python\\Python312\\Lib\\site-packages\\allure_commons\\_allure.py\", line 192, in impl\n    return func(*a, **kw)\n           ^^^^^^^^^^^^^^\n  File \"C:\\Users\\Галина\\Documents\\Yandex_praktikum\\Diplom\\Diplom_3\\Diplom_3\\pages\\base_page.py\", line 18, in click_element\n    self.driver.find_element(*locator).click()\n  File \"C:\\Users\\Галина\\AppData\\Local\\Programs\\Python\\Python312\\Lib\\site-packages\\selenium\\webdriver\\remote\\webelement.py\", line 94, in click\n    self._execute(Command.CLICK_ELEMENT)\n  File \"C:\\Users\\Галина\\AppData\\Local\\Programs\\Python\\Python312\\Lib\\site-packages\\selenium\\webdriver\\remote\\webelement.py\", line 395, in _execute\n    return self._parent.execute(command, params)\n           ^^^^^^^^^^^^^^^^^^^^^^^^^^^^^^^^^^^^^\n  File \"C:\\Users\\Галина\\AppData\\Local\\Programs\\Python\\Python312\\Lib\\site-packages\\selenium\\webdriver\\remote\\webdriver.py\", line 347, in execute\n    self.error_handler.check_response(response)\n  File \"C:\\Users\\Галина\\AppData\\Local\\Programs\\Python\\Python312\\Lib\\site-packages\\selenium\\webdriver\\remote\\errorhandler.py\", line 229, in check_response\n    raise exception_class(message, screen, stacktrace)\n"}, "steps": [{"name": "Дождатся видимости элемента", "status": "passed", "parameters": [{"name": "locator", "value": "['xpath', './/button[contains(@class, \"modal__close\")]']"}], "start": 1724618048586, "stop": 1724618048621}, {"name": "Нажать на элемент", "status": "broken", "statusDetails": {"message": "selenium.common.exceptions.ElementClickInterceptedException: Message: element click intercepted: Element <button type=\"button\" class=\"Modal_modal__close_modified__3V5XS Modal_modal__close__TnseK\">...</button> is not clickable at point (984, 39). Other element would receive the click: <div class=\"Modal_modal_overlay__x2ZCr\"></div>\n  (Session info: chrome=127.0.6533.122)\nStacktrace:\n\tGetHandleVerifier [0x00007FF7513B9642+30946]\n\t(No symbol) [0x00007FF75136E3D9]\n\t(No symbol) [0x00007FF751266FDA]\n\t(No symbol) [0x00007FF7512BFEEE]\n\t(No symbol) [0x00007FF7512BD962]\n\t(No symbol) [0x00007FF7512BAE7B]\n\t(No symbol) [0x00007FF7512BA095]\n\t(No symbol) [0x00007FF7512AC271]\n\t(No symbol) [0x00007FF7512DCA6A]\n\t(No symbol) [0x00007FF7512ABBB6]\n\t(No symbol) [0x00007FF7512DCC80]\n\t(No symbol) [0x00007FF7512FB041]\n\t(No symbol) [0x00007FF7512DC813]\n\t(No symbol) [0x00007FF7512AA6E5]\n\t(No symbol) [0x00007FF7512AB021]\n\tGetHandleVerifier [0x00007FF7514EF84D+1301229]\n\tGetHandleVerifier [0x00007FF7514FBDC7+1351783]\n\tGetHandleVerifier [0x00007FF7514F2A13+1313971]\n\tGetHandleVerifier [0x00007FF7513EDD16+245686]\n\t(No symbol) [0x00007FF75137759F]\n\t(No symbol) [0x00007FF751373814]\n\t(No symbol) [0x00007FF7513739A2]\n\t(No symbol) [0x00007FF75136A3FF]\n\tBaseThreadInitThunk [0x00007FFD8B9A7374+20]\n\tRtlUserThreadStart [0x00007FFD8CC5CC91+33]\n\n", "trace": "  File \"C:\\Users\\Галина\\AppData\\Local\\Programs\\Python\\Python312\\Lib\\site-packages\\allure_commons\\_allure.py\", line 192, in impl\n    return func(*a, **kw)\n           ^^^^^^^^^^^^^^\n  File \"C:\\Users\\Галина\\Documents\\Yandex_praktikum\\Diplom\\Diplom_3\\Diplom_3\\pages\\base_page.py\", line 18, in click_element\n    self.driver.find_element(*locator).click()\n  File \"C:\\Users\\Галина\\AppData\\Local\\Programs\\Python\\Python312\\Lib\\site-packages\\selenium\\webdriver\\remote\\webelement.py\", line 94, in click\n    self._execute(Command.CLICK_ELEMENT)\n  File \"C:\\Users\\Галина\\AppData\\Local\\Programs\\Python\\Python312\\Lib\\site-packages\\selenium\\webdriver\\remote\\webelement.py\", line 395, in _execute\n    return self._parent.execute(command, params)\n           ^^^^^^^^^^^^^^^^^^^^^^^^^^^^^^^^^^^^^\n  File \"C:\\Users\\Галина\\AppData\\Local\\Programs\\Python\\Python312\\Lib\\site-packages\\selenium\\webdriver\\remote\\webdriver.py\", line 347, in execute\n    self.error_handler.check_response(response)\n  File \"C:\\Users\\Галина\\AppData\\Local\\Programs\\Python\\Python312\\Lib\\site-packages\\selenium\\webdriver\\remote\\errorhandler.py\", line 229, in check_response\n    raise exception_class(message, screen, stacktrace)\n"}, "parameters": [{"name": "locator", "value": "['xpath', './/button[contains(@class, \"modal__close\")]']"}], "start": 1724618048621, "stop": 1724618049719}], "start": 1724618048586, "stop": 1724618049721}], "parameters": [{"name": "driver", "value": "'chrome'"}], "start": 1724618038970, "stop": 1724618049722, "uuid": "db1f8af1-2b69-4b58-9cfb-9f525ef427a6", "historyId": "3518062b6895dc6b2d5eceb4a433375a", "testCaseId": "6702e832ce29cce9b71fa605c78cff81", "fullName": "tests.test_order_feed.TestOrderPage#test_count_orders", "labels": [{"name": "parentSuite", "value": "tests"}, {"name": "suite", "value": "test_order_feed"}, {"name": "subSuite", "value": "TestOrderPage"}, {"name": "host", "value": "LAPTOP-4UNN3S2K"}, {"name": "thread", "value": "17708-MainThread"}, {"name": "framework", "value": "pytest"}, {"name": "language", "value": "cpython3"}, {"name": "package", "value": "tests.test_order_feed"}]}