{"name": "переход на страницу восстановления пароля по кнопке «Восстановить пароль»", "status": "broken", "statusDetails": {"message": "selenium.common.exceptions.TimeoutException: Message: \nStacktrace:\n\tGetHandleVerifier [0x00007FF7513B9642+30946]\n\t(No symbol) [0x00007FF75136E3D9]\n\t(No symbol) [0x00007FF751266FDA]\n\t(No symbol) [0x00007FF7512B822C]\n\t(No symbol) [0x00007FF7512B850C]\n\t(No symbol) [0x00007FF7512FDCB7]\n\t(No symbol) [0x00007FF7512DCAAF]\n\t(No symbol) [0x00007FF7512FB041]\n\t(No symbol) [0x00007FF7512DC813]\n\t(No symbol) [0x00007FF7512AA6E5]\n\t(No symbol) [0x00007FF7512AB021]\n\tGetHandleVerifier [0x00007FF7514EF84D+1301229]\n\tGetHandleVerifier [0x00007FF7514FBDC7+1351783]\n\tGetHandleVerifier [0x00007FF7514F2A13+1313971]\n\tGetHandleVerifier [0x00007FF7513EDD16+245686]\n\t(No symbol) [0x00007FF75137759F]\n\t(No symbol) [0x00007FF751373814]\n\t(No symbol) [0x00007FF7513739A2]\n\t(No symbol) [0x00007FF75136A3FF]\n\tBaseThreadInitThunk [0x00007FFD8B9A7374+20]\n\tRtlUserThreadStart [0x00007FFD8CC5CC91+33]", "trace": "self = <test_password_recovery.TestRecoveryPage object at 0x000001D72FE50290>\ndriver = <selenium.webdriver.chrome.webdriver.WebDriver (session=\"4976bcbbb4e1fe7a2aa976ee938f7399\")>\n\n    @allure.title('переход на страницу восстановления пароля по кнопке «Восстановить пароль»')\n    def test_cross_via_recovery_button(self, driver):\n        main_page = MainPage(driver)\n        main_page.open_main_page()\n        main_page.click_account_button()\n        login_page = LoginPage(driver)\n>       login_page.click_recover_password_button()\n\ntests\\test_password_recovery.py:15: \n_ _ _ _ _ _ _ _ _ _ _ _ _ _ _ _ _ _ _ _ _ _ _ _ _ _ _ _ _ _ _ _ _ _ _ _ _ _ _ _ _ _ _ _ _ _ _ _ _ _ _ _ _ _ _ _ _ _ _ _ _ _ _ _ _ _ _ _ _ _ _ _ _ _ _ _ _ _ _ \npages\\login_page.py:44: in click_recover_password_button\n    self.wait_for_element_visible(self._RECOVER_PASSWORD_BUTTON)\npages\\base_page.py:44: in wait_for_element_visible\n    WebDriverWait(self.driver, 20).until(EC.visibility_of_element_located(locator))\n_ _ _ _ _ _ _ _ _ _ _ _ _ _ _ _ _ _ _ _ _ _ _ _ _ _ _ _ _ _ _ _ _ _ _ _ _ _ _ _ _ _ _ _ _ _ _ _ _ _ _ _ _ _ _ _ _ _ _ _ _ _ _ _ _ _ _ _ _ _ _ _ _ _ _ _ _ _ _ \n\nself = <selenium.webdriver.support.wait.WebDriverWait (session=\"4976bcbbb4e1fe7a2aa976ee938f7399\")>\nmethod = <function visibility_of_element_located.<locals>._predicate at 0x000001D732697BA0>, message = ''\n\n    def until(self, method: Callable[[D], Union[Literal[False], T]], message: str = \"\") -> T:\n        \"\"\"Calls the method provided with the driver as an argument until the \\\n        return value does not evaluate to ``False``.\n    \n        :param method: callable(WebDriver)\n        :param message: optional message for :exc:`TimeoutException`\n        :returns: the result of the last call to `method`\n        :raises: :exc:`selenium.common.exceptions.TimeoutException` if timeout occurs\n        \"\"\"\n        screen = None\n        stacktrace = None\n    \n        end_time = time.monotonic() + self._timeout\n        while True:\n            try:\n                value = method(self._driver)\n                if value:\n                    return value\n            except self._ignored_exceptions as exc:\n                screen = getattr(exc, \"screen\", None)\n                stacktrace = getattr(exc, \"stacktrace\", None)\n            time.sleep(self._poll)\n            if time.monotonic() > end_time:\n                break\n>       raise TimeoutException(message, screen, stacktrace)\nE       selenium.common.exceptions.TimeoutException: Message: \nE       Stacktrace:\nE       \tGetHandleVerifier [0x00007FF7513B9642+30946]\nE       \t(No symbol) [0x00007FF75136E3D9]\nE       \t(No symbol) [0x00007FF751266FDA]\nE       \t(No symbol) [0x00007FF7512B822C]\nE       \t(No symbol) [0x00007FF7512B850C]\nE       \t(No symbol) [0x00007FF7512FDCB7]\nE       \t(No symbol) [0x00007FF7512DCAAF]\nE       \t(No symbol) [0x00007FF7512FB041]\nE       \t(No symbol) [0x00007FF7512DC813]\nE       \t(No symbol) [0x00007FF7512AA6E5]\nE       \t(No symbol) [0x00007FF7512AB021]\nE       \tGetHandleVerifier [0x00007FF7514EF84D+1301229]\nE       \tGetHandleVerifier [0x00007FF7514FBDC7+1351783]\nE       \tGetHandleVerifier [0x00007FF7514F2A13+1313971]\nE       \tGetHandleVerifier [0x00007FF7513EDD16+245686]\nE       \t(No symbol) [0x00007FF75137759F]\nE       \t(No symbol) [0x00007FF751373814]\nE       \t(No symbol) [0x00007FF7513739A2]\nE       \t(No symbol) [0x00007FF75136A3FF]\nE       \tBaseThreadInitThunk [0x00007FFD8B9A7374+20]\nE       \tRtlUserThreadStart [0x00007FFD8CC5CC91+33]\n\n..\\..\\..\\..\\..\\AppData\\Local\\Programs\\Python\\Python312\\Lib\\site-packages\\selenium\\webdriver\\support\\wait.py:105: TimeoutException"}, "steps": [{"name": "Открыть главную страницу Stellar Burgers", "status": "passed", "steps": [{"name": "Перейти на страницу", "status": "passed", "parameters": [{"name": "url", "value": "'https://stellarburgers.nomoreparties.site/'"}], "start": 1724618216286, "stop": 1724618220242}], "start": 1724618216286, "stop": 1724618220242}, {"name": "Клик на кнопку Личный кабинет", "status": "passed", "start": 1724618220242, "stop": 1724618226253}, {"name": "Нажать на кнопку Восстановить пароль", "status": "broken", "statusDetails": {"message": "selenium.common.exceptions.TimeoutException: Message: \nStacktrace:\n\tGetHandleVerifier [0x00007FF7513B9642+30946]\n\t(No symbol) [0x00007FF75136E3D9]\n\t(No symbol) [0x00007FF751266FDA]\n\t(No symbol) [0x00007FF7512B822C]\n\t(No symbol) [0x00007FF7512B850C]\n\t(No symbol) [0x00007FF7512FDCB7]\n\t(No symbol) [0x00007FF7512DCAAF]\n\t(No symbol) [0x00007FF7512FB041]\n\t(No symbol) [0x00007FF7512DC813]\n\t(No symbol) [0x00007FF7512AA6E5]\n\t(No symbol) [0x00007FF7512AB021]\n\tGetHandleVerifier [0x00007FF7514EF84D+1301229]\n\tGetHandleVerifier [0x00007FF7514FBDC7+1351783]\n\tGetHandleVerifier [0x00007FF7514F2A13+1313971]\n\tGetHandleVerifier [0x00007FF7513EDD16+245686]\n\t(No symbol) [0x00007FF75137759F]\n\t(No symbol) [0x00007FF751373814]\n\t(No symbol) [0x00007FF7513739A2]\n\t(No symbol) [0x00007FF75136A3FF]\n\tBaseThreadInitThunk [0x00007FFD8B9A7374+20]\n\tRtlUserThreadStart [0x00007FFD8CC5CC91+33]\n\n", "trace": "  File \"C:\\Users\\Галина\\AppData\\Local\\Programs\\Python\\Python312\\Lib\\site-packages\\allure_commons\\_allure.py\", line 192, in impl\n    return func(*a, **kw)\n           ^^^^^^^^^^^^^^\n  File \"C:\\Users\\Галина\\Documents\\Yandex_praktikum\\Diplom\\Diplom_3\\Diplom_3\\pages\\login_page.py\", line 44, in click_recover_password_button\n    self.wait_for_element_visible(self._RECOVER_PASSWORD_BUTTON)\n  File \"C:\\Users\\Галина\\AppData\\Local\\Programs\\Python\\Python312\\Lib\\site-packages\\allure_commons\\_allure.py\", line 192, in impl\n    return func(*a, **kw)\n           ^^^^^^^^^^^^^^\n  File \"C:\\Users\\Галина\\Documents\\Yandex_praktikum\\Diplom\\Diplom_3\\Diplom_3\\pages\\base_page.py\", line 44, in wait_for_element_visible\n    WebDriverWait(self.driver, 20).until(EC.visibility_of_element_located(locator))\n  File \"C:\\Users\\Галина\\AppData\\Local\\Programs\\Python\\Python312\\Lib\\site-packages\\selenium\\webdriver\\support\\wait.py\", line 105, in until\n    raise TimeoutException(message, screen, stacktrace)\n"}, "steps": [{"name": "Дождатся видимости элемента", "status": "broken", "statusDetails": {"message": "selenium.common.exceptions.TimeoutException: Message: \nStacktrace:\n\tGetHandleVerifier [0x00007FF7513B9642+30946]\n\t(No symbol) [0x00007FF75136E3D9]\n\t(No symbol) [0x00007FF751266FDA]\n\t(No symbol) [0x00007FF7512B822C]\n\t(No symbol) [0x00007FF7512B850C]\n\t(No symbol) [0x00007FF7512FDCB7]\n\t(No symbol) [0x00007FF7512DCAAF]\n\t(No symbol) [0x00007FF7512FB041]\n\t(No symbol) [0x00007FF7512DC813]\n\t(No symbol) [0x00007FF7512AA6E5]\n\t(No symbol) [0x00007FF7512AB021]\n\tGetHandleVerifier [0x00007FF7514EF84D+1301229]\n\tGetHandleVerifier [0x00007FF7514FBDC7+1351783]\n\tGetHandleVerifier [0x00007FF7514F2A13+1313971]\n\tGetHandleVerifier [0x00007FF7513EDD16+245686]\n\t(No symbol) [0x00007FF75137759F]\n\t(No symbol) [0x00007FF751373814]\n\t(No symbol) [0x00007FF7513739A2]\n\t(No symbol) [0x00007FF75136A3FF]\n\tBaseThreadInitThunk [0x00007FFD8B9A7374+20]\n\tRtlUserThreadStart [0x00007FFD8CC5CC91+33]\n\n", "trace": "  File \"C:\\Users\\Галина\\AppData\\Local\\Programs\\Python\\Python312\\Lib\\site-packages\\allure_commons\\_allure.py\", line 192, in impl\n    return func(*a, **kw)\n           ^^^^^^^^^^^^^^\n  File \"C:\\Users\\Галина\\Documents\\Yandex_praktikum\\Diplom\\Diplom_3\\Diplom_3\\pages\\base_page.py\", line 44, in wait_for_element_visible\n    WebDriverWait(self.driver, 20).until(EC.visibility_of_element_located(locator))\n  File \"C:\\Users\\Галина\\AppData\\Local\\Programs\\Python\\Python312\\Lib\\site-packages\\selenium\\webdriver\\support\\wait.py\", line 105, in until\n    raise TimeoutException(message, screen, stacktrace)\n"}, "parameters": [{"name": "locator", "value": "['xpath', './/a[text() = \"Восстановить пароль\"]']"}], "start": 1724618226254, "stop": 1724618246346}], "start": 1724618226254, "stop": 1724618246349}], "parameters": [{"name": "driver", "value": "'chrome'"}], "start": 1724618216286, "stop": 1724618246352, "uuid": "252809c2-b358-4587-9fa6-4acddb979575", "historyId": "b1aa382ef10e3de98de7578d3a6d97aa", "testCaseId": "b1270fc541480d0d8e93e52fcd27d950", "fullName": "tests.test_password_recovery.TestRecoveryPage#test_cross_via_recovery_button", "labels": [{"name": "parentSuite", "value": "tests"}, {"name": "suite", "value": "test_password_recovery"}, {"name": "subSuite", "value": "TestRecoveryPage"}, {"name": "host", "value": "LAPTOP-4UNN3S2K"}, {"name": "thread", "value": "20020-MainThread"}, {"name": "framework", "value": "pytest"}, {"name": "language", "value": "cpython3"}, {"name": "package", "value": "tests.test_password_recovery"}]}